[2025-04-14 02:45:05] local.ERROR: SQLSTATE[HY000] [2002] No connection could be made because the target machine actively refused it (Connection: mysql, SQL: select table_name as `name`, (data_length + index_length) as `size`, table_comment as `comment`, engine as `engine`, table_collation as `collation` from information_schema.tables where table_schema = 'floodrescue' and table_type in ('BASE TABLE', 'SYSTEM VERSIONED') order by table_name) {"exception":"[object] (Illuminate\\Database\\QueryException(code: 2002): SQLSTATE[HY000] [2002] No connection could be made because the target machine actively refused it (Connection: mysql, SQL: select table_name as `name`, (data_length + index_length) as `size`, table_comment as `comment`, engine as `engine`, table_collation as `collation` from information_schema.tables where table_schema = 'floodrescue' and table_type in ('BASE TABLE', 'SYSTEM VERSIONED') order by table_name) at C:\\Users\\Acer NITRO 5\\Documents\\SI4609-KEL4\\LaravelPPLKel4\\vendor\\laravel\\framework\\src\\Illuminate\\Database\\Connection.php:829)
[stacktrace]
#0 C:\\Users\\Acer NITRO 5\\Documents\\SI4609-KEL4\\LaravelPPLKel4\\vendor\\laravel\\framework\\src\\Illuminate\\Database\\Connection.php(983): Illuminate\\Database\\Connection->runQueryCallback()
#1 C:\\Users\\Acer NITRO 5\\Documents\\SI4609-KEL4\\LaravelPPLKel4\\vendor\\laravel\\framework\\src\\Illuminate\\Database\\Connection.php(962): Illuminate\\Database\\Connection->tryAgainIfCausedByLostConnection()
#2 C:\\Users\\Acer NITRO 5\\Documents\\SI4609-KEL4\\LaravelPPLKel4\\vendor\\laravel\\framework\\src\\Illuminate\\Database\\Connection.php(785): Illuminate\\Database\\Connection->handleQueryException()
#3 C:\\Users\\Acer NITRO 5\\Documents\\SI4609-KEL4\\LaravelPPLKel4\\vendor\\laravel\\framework\\src\\Illuminate\\Database\\Connection.php(414): Illuminate\\Database\\Connection->run()
#4 C:\\Users\\Acer NITRO 5\\Documents\\SI4609-KEL4\\LaravelPPLKel4\\vendor\\laravel\\framework\\src\\Illuminate\\Database\\Connection.php(401): Illuminate\\Database\\Connection->select()
#5 C:\\Users\\Acer NITRO 5\\Documents\\SI4609-KEL4\\LaravelPPLKel4\\vendor\\laravel\\framework\\src\\Illuminate\\Database\\Schema\\MySqlBuilder.php(41): Illuminate\\Database\\Connection->selectFromWriteConnection()
#6 C:\\Users\\Acer NITRO 5\\Documents\\SI4609-KEL4\\LaravelPPLKel4\\vendor\\laravel\\framework\\src\\Illuminate\\Database\\Schema\\Builder.php(165): Illuminate\\Database\\Schema\\MySqlBuilder->getTables()
#7 C:\\Users\\Acer NITRO 5\\Documents\\SI4609-KEL4\\LaravelPPLKel4\\vendor\\laravel\\framework\\src\\Illuminate\\Database\\Migrations\\DatabaseMigrationRepository.php(184): Illuminate\\Database\\Schema\\Builder->hasTable()
#8 C:\\Users\\Acer NITRO 5\\Documents\\SI4609-KEL4\\LaravelPPLKel4\\vendor\\laravel\\framework\\src\\Illuminate\\Database\\Migrations\\Migrator.php(727): Illuminate\\Database\\Migrations\\DatabaseMigrationRepository->repositoryExists()
#9 C:\\Users\\Acer NITRO 5\\Documents\\SI4609-KEL4\\LaravelPPLKel4\\vendor\\laravel\\framework\\src\\Illuminate\\Database\\Console\\Migrations\\MigrateCommand.php(140): Illuminate\\Database\\Migrations\\Migrator->repositoryExists()
#10 C:\\Users\\Acer NITRO 5\\Documents\\SI4609-KEL4\\LaravelPPLKel4\\vendor\\laravel\\framework\\src\\Illuminate\\Support\\helpers.php(261): Illuminate\\Database\\Console\\Migrations\\MigrateCommand->Illuminate\\Database\\Console\\Migrations\\{closure}()
#11 C:\\Users\\Acer NITRO 5\\Documents\\SI4609-KEL4\\LaravelPPLKel4\\vendor\\laravel\\framework\\src\\Illuminate\\Database\\Console\\Migrations\\MigrateCommand.php(140): retry()
#12 C:\\Users\\Acer NITRO 5\\Documents\\SI4609-KEL4\\LaravelPPLKel4\\vendor\\laravel\\framework\\src\\Illuminate\\Database\\Console\\Migrations\\MigrateCommand.php(116): Illuminate\\Database\\Console\\Migrations\\MigrateCommand->repositoryExists()
#13 C:\\Users\\Acer NITRO 5\\Documents\\SI4609-KEL4\\LaravelPPLKel4\\vendor\\laravel\\framework\\src\\Illuminate\\Database\\Console\\Migrations\\MigrateCommand.php(84): Illuminate\\Database\\Console\\Migrations\\MigrateCommand->prepareDatabase()
#14 C:\\Users\\Acer NITRO 5\\Documents\\SI4609-KEL4\\LaravelPPLKel4\\vendor\\laravel\\framework\\src\\Illuminate\\Database\\Migrations\\Migrator.php(641): Illuminate\\Database\\Console\\Migrations\\MigrateCommand->Illuminate\\Database\\Console\\Migrations\\{closure}()
#15 C:\\Users\\Acer NITRO 5\\Documents\\SI4609-KEL4\\LaravelPPLKel4\\vendor\\laravel\\framework\\src\\Illuminate\\Database\\Console\\Migrations\\MigrateCommand.php(83): Illuminate\\Database\\Migrations\\Migrator->usingConnection()
#16 C:\\Users\\Acer NITRO 5\\Documents\\SI4609-KEL4\\LaravelPPLKel4\\vendor\\laravel\\framework\\src\\Illuminate\\Container\\BoundMethod.php(36): Illuminate\\Database\\Console\\Migrations\\MigrateCommand->handle()
#17 C:\\Users\\Acer NITRO 5\\Documents\\SI4609-KEL4\\LaravelPPLKel4\\vendor\\laravel\\framework\\src\\Illuminate\\Container\\Util.php(41): Illuminate\\Container\\BoundMethod::Illuminate\\Container\\{closure}()
#18 C:\\Users\\Acer NITRO 5\\Documents\\SI4609-KEL4\\LaravelPPLKel4\\vendor\\laravel\\framework\\src\\Illuminate\\Container\\BoundMethod.php(93): Illuminate\\Container\\Util::unwrapIfClosure()
#19 C:\\Users\\Acer NITRO 5\\Documents\\SI4609-KEL4\\LaravelPPLKel4\\vendor\\laravel\\framework\\src\\Illuminate\\Container\\BoundMethod.php(35): Illuminate\\Container\\BoundMethod::callBoundMethod()
#20 C:\\Users\\Acer NITRO 5\\Documents\\SI4609-KEL4\\LaravelPPLKel4\\vendor\\laravel\\framework\\src\\Illuminate\\Container\\Container.php(662): Illuminate\\Container\\BoundMethod::call()
#21 C:\\Users\\Acer NITRO 5\\Documents\\SI4609-KEL4\\LaravelPPLKel4\\vendor\\laravel\\framework\\src\\Illuminate\\Console\\Command.php(211): Illuminate\\Container\\Container->call()
#22 C:\\Users\\Acer NITRO 5\\Documents\\SI4609-KEL4\\LaravelPPLKel4\\vendor\\symfony\\console\\Command\\Command.php(326): Illuminate\\Console\\Command->execute()
#23 C:\\Users\\Acer NITRO 5\\Documents\\SI4609-KEL4\\LaravelPPLKel4\\vendor\\laravel\\framework\\src\\Illuminate\\Console\\Command.php(180): Symfony\\Component\\Console\\Command\\Command->run()
#24 C:\\Users\\Acer NITRO 5\\Documents\\SI4609-KEL4\\LaravelPPLKel4\\vendor\\symfony\\console\\Application.php(1096): Illuminate\\Console\\Command->run()
#25 C:\\Users\\Acer NITRO 5\\Documents\\SI4609-KEL4\\LaravelPPLKel4\\vendor\\symfony\\console\\Application.php(324): Symfony\\Component\\Console\\Application->doRunCommand()
#26 C:\\Users\\Acer NITRO 5\\Documents\\SI4609-KEL4\\LaravelPPLKel4\\vendor\\symfony\\console\\Application.php(175): Symfony\\Component\\Console\\Application->doRun()
#27 C:\\Users\\Acer NITRO 5\\Documents\\SI4609-KEL4\\LaravelPPLKel4\\vendor\\laravel\\framework\\src\\Illuminate\\Foundation\\Console\\Kernel.php(201): Symfony\\Component\\Console\\Application->run()
#28 C:\\Users\\Acer NITRO 5\\Documents\\SI4609-KEL4\\LaravelPPLKel4\\artisan(35): Illuminate\\Foundation\\Console\\Kernel->handle()
#29 {main}

[previous exception] [object] (PDOException(code: 2002): SQLSTATE[HY000] [2002] No connection could be made because the target machine actively refused it at C:\\Users\\Acer NITRO 5\\Documents\\SI4609-KEL4\\LaravelPPLKel4\\vendor\\laravel\\framework\\src\\Illuminate\\Database\\Connectors\\Connector.php:65)
[stacktrace]
#0 C:\\Users\\Acer NITRO 5\\Documents\\SI4609-KEL4\\LaravelPPLKel4\\vendor\\laravel\\framework\\src\\Illuminate\\Database\\Connectors\\Connector.php(65): PDO->__construct()
#1 C:\\Users\\Acer NITRO 5\\Documents\\SI4609-KEL4\\LaravelPPLKel4\\vendor\\laravel\\framework\\src\\Illuminate\\Database\\Connectors\\Connector.php(83): Illuminate\\Database\\Connectors\\Connector->createPdoConnection()
#2 C:\\Users\\Acer NITRO 5\\Documents\\SI4609-KEL4\\LaravelPPLKel4\\vendor\\laravel\\framework\\src\\Illuminate\\Database\\Connectors\\Connector.php(48): Illuminate\\Database\\Connectors\\Connector->tryAgainIfCausedByLostConnection()
#3 C:\\Users\\Acer NITRO 5\\Documents\\SI4609-KEL4\\LaravelPPLKel4\\vendor\\laravel\\framework\\src\\Illuminate\\Database\\Connectors\\MySqlConnector.php(24): Illuminate\\Database\\Connectors\\Connector->createConnection()
#4 C:\\Users\\Acer NITRO 5\\Documents\\SI4609-KEL4\\LaravelPPLKel4\\vendor\\laravel\\framework\\src\\Illuminate\\Database\\Connectors\\ConnectionFactory.php(184): Illuminate\\Database\\Connectors\\MySqlConnector->connect()
#5 [internal function]: Illuminate\\Database\\Connectors\\ConnectionFactory->Illuminate\\Database\\Connectors\\{closure}()
#6 C:\\Users\\Acer NITRO 5\\Documents\\SI4609-KEL4\\LaravelPPLKel4\\vendor\\laravel\\framework\\src\\Illuminate\\Database\\Connection.php(1339): call_user_func()
#7 C:\\Users\\Acer NITRO 5\\Documents\\SI4609-KEL4\\LaravelPPLKel4\\vendor\\laravel\\framework\\src\\Illuminate\\Database\\Connection.php(528): Illuminate\\Database\\Connection->getPdo()
#8 C:\\Users\\Acer NITRO 5\\Documents\\SI4609-KEL4\\LaravelPPLKel4\\vendor\\laravel\\framework\\src\\Illuminate\\Database\\Connection.php(423): Illuminate\\Database\\Connection->getPdoForSelect()
#9 C:\\Users\\Acer NITRO 5\\Documents\\SI4609-KEL4\\LaravelPPLKel4\\vendor\\laravel\\framework\\src\\Illuminate\\Database\\Connection.php(816): Illuminate\\Database\\Connection->Illuminate\\Database\\{closure}()
#10 C:\\Users\\Acer NITRO 5\\Documents\\SI4609-KEL4\\LaravelPPLKel4\\vendor\\laravel\\framework\\src\\Illuminate\\Database\\Connection.php(983): Illuminate\\Database\\Connection->runQueryCallback()
#11 C:\\Users\\Acer NITRO 5\\Documents\\SI4609-KEL4\\LaravelPPLKel4\\vendor\\laravel\\framework\\src\\Illuminate\\Database\\Connection.php(962): Illuminate\\Database\\Connection->tryAgainIfCausedByLostConnection()
#12 C:\\Users\\Acer NITRO 5\\Documents\\SI4609-KEL4\\LaravelPPLKel4\\vendor\\laravel\\framework\\src\\Illuminate\\Database\\Connection.php(785): Illuminate\\Database\\Connection->handleQueryException()
#13 C:\\Users\\Acer NITRO 5\\Documents\\SI4609-KEL4\\LaravelPPLKel4\\vendor\\laravel\\framework\\src\\Illuminate\\Database\\Connection.php(414): Illuminate\\Database\\Connection->run()
#14 C:\\Users\\Acer NITRO 5\\Documents\\SI4609-KEL4\\LaravelPPLKel4\\vendor\\laravel\\framework\\src\\Illuminate\\Database\\Connection.php(401): Illuminate\\Database\\Connection->select()
#15 C:\\Users\\Acer NITRO 5\\Documents\\SI4609-KEL4\\LaravelPPLKel4\\vendor\\laravel\\framework\\src\\Illuminate\\Database\\Schema\\MySqlBuilder.php(41): Illuminate\\Database\\Connection->selectFromWriteConnection()
#16 C:\\Users\\Acer NITRO 5\\Documents\\SI4609-KEL4\\LaravelPPLKel4\\vendor\\laravel\\framework\\src\\Illuminate\\Database\\Schema\\Builder.php(165): Illuminate\\Database\\Schema\\MySqlBuilder->getTables()
#17 C:\\Users\\Acer NITRO 5\\Documents\\SI4609-KEL4\\LaravelPPLKel4\\vendor\\laravel\\framework\\src\\Illuminate\\Database\\Migrations\\DatabaseMigrationRepository.php(184): Illuminate\\Database\\Schema\\Builder->hasTable()
#18 C:\\Users\\Acer NITRO 5\\Documents\\SI4609-KEL4\\LaravelPPLKel4\\vendor\\laravel\\framework\\src\\Illuminate\\Database\\Migrations\\Migrator.php(727): Illuminate\\Database\\Migrations\\DatabaseMigrationRepository->repositoryExists()
#19 C:\\Users\\Acer NITRO 5\\Documents\\SI4609-KEL4\\LaravelPPLKel4\\vendor\\laravel\\framework\\src\\Illuminate\\Database\\Console\\Migrations\\MigrateCommand.php(140): Illuminate\\Database\\Migrations\\Migrator->repositoryExists()
#20 C:\\Users\\Acer NITRO 5\\Documents\\SI4609-KEL4\\LaravelPPLKel4\\vendor\\laravel\\framework\\src\\Illuminate\\Support\\helpers.php(261): Illuminate\\Database\\Console\\Migrations\\MigrateCommand->Illuminate\\Database\\Console\\Migrations\\{closure}()
#21 C:\\Users\\Acer NITRO 5\\Documents\\SI4609-KEL4\\LaravelPPLKel4\\vendor\\laravel\\framework\\src\\Illuminate\\Database\\Console\\Migrations\\MigrateCommand.php(140): retry()
#22 C:\\Users\\Acer NITRO 5\\Documents\\SI4609-KEL4\\LaravelPPLKel4\\vendor\\laravel\\framework\\src\\Illuminate\\Database\\Console\\Migrations\\MigrateCommand.php(116): Illuminate\\Database\\Console\\Migrations\\MigrateCommand->repositoryExists()
#23 C:\\Users\\Acer NITRO 5\\Documents\\SI4609-KEL4\\LaravelPPLKel4\\vendor\\laravel\\framework\\src\\Illuminate\\Database\\Console\\Migrations\\MigrateCommand.php(84): Illuminate\\Database\\Console\\Migrations\\MigrateCommand->prepareDatabase()
#24 C:\\Users\\Acer NITRO 5\\Documents\\SI4609-KEL4\\LaravelPPLKel4\\vendor\\laravel\\framework\\src\\Illuminate\\Database\\Migrations\\Migrator.php(641): Illuminate\\Database\\Console\\Migrations\\MigrateCommand->Illuminate\\Database\\Console\\Migrations\\{closure}()
#25 C:\\Users\\Acer NITRO 5\\Documents\\SI4609-KEL4\\LaravelPPLKel4\\vendor\\laravel\\framework\\src\\Illuminate\\Database\\Console\\Migrations\\MigrateCommand.php(83): Illuminate\\Database\\Migrations\\Migrator->usingConnection()
#26 C:\\Users\\Acer NITRO 5\\Documents\\SI4609-KEL4\\LaravelPPLKel4\\vendor\\laravel\\framework\\src\\Illuminate\\Container\\BoundMethod.php(36): Illuminate\\Database\\Console\\Migrations\\MigrateCommand->handle()
#27 C:\\Users\\Acer NITRO 5\\Documents\\SI4609-KEL4\\LaravelPPLKel4\\vendor\\laravel\\framework\\src\\Illuminate\\Container\\Util.php(41): Illuminate\\Container\\BoundMethod::Illuminate\\Container\\{closure}()
#28 C:\\Users\\Acer NITRO 5\\Documents\\SI4609-KEL4\\LaravelPPLKel4\\vendor\\laravel\\framework\\src\\Illuminate\\Container\\BoundMethod.php(93): Illuminate\\Container\\Util::unwrapIfClosure()
#29 C:\\Users\\Acer NITRO 5\\Documents\\SI4609-KEL4\\LaravelPPLKel4\\vendor\\laravel\\framework\\src\\Illuminate\\Container\\BoundMethod.php(35): Illuminate\\Container\\BoundMethod::callBoundMethod()
#30 C:\\Users\\Acer NITRO 5\\Documents\\SI4609-KEL4\\LaravelPPLKel4\\vendor\\laravel\\framework\\src\\Illuminate\\Container\\Container.php(662): Illuminate\\Container\\BoundMethod::call()
#31 C:\\Users\\Acer NITRO 5\\Documents\\SI4609-KEL4\\LaravelPPLKel4\\vendor\\laravel\\framework\\src\\Illuminate\\Console\\Command.php(211): Illuminate\\Container\\Container->call()
#32 C:\\Users\\Acer NITRO 5\\Documents\\SI4609-KEL4\\LaravelPPLKel4\\vendor\\symfony\\console\\Command\\Command.php(326): Illuminate\\Console\\Command->execute()
#33 C:\\Users\\Acer NITRO 5\\Documents\\SI4609-KEL4\\LaravelPPLKel4\\vendor\\laravel\\framework\\src\\Illuminate\\Console\\Command.php(180): Symfony\\Component\\Console\\Command\\Command->run()
#34 C:\\Users\\Acer NITRO 5\\Documents\\SI4609-KEL4\\LaravelPPLKel4\\vendor\\symfony\\console\\Application.php(1096): Illuminate\\Console\\Command->run()
#35 C:\\Users\\Acer NITRO 5\\Documents\\SI4609-KEL4\\LaravelPPLKel4\\vendor\\symfony\\console\\Application.php(324): Symfony\\Component\\Console\\Application->doRunCommand()
#36 C:\\Users\\Acer NITRO 5\\Documents\\SI4609-KEL4\\LaravelPPLKel4\\vendor\\symfony\\console\\Application.php(175): Symfony\\Component\\Console\\Application->doRun()
#37 C:\\Users\\Acer NITRO 5\\Documents\\SI4609-KEL4\\LaravelPPLKel4\\vendor\\laravel\\framework\\src\\Illuminate\\Foundation\\Console\\Kernel.php(201): Symfony\\Component\\Console\\Application->run()
#38 C:\\Users\\Acer NITRO 5\\Documents\\SI4609-KEL4\\LaravelPPLKel4\\artisan(35): Illuminate\\Foundation\\Console\\Kernel->handle()
#39 {main}
"} 
[2025-04-14 02:45:26] local.ERROR: Undefined array key 1 {"exception":"[object] (ErrorException(code: 0): Undefined array key 1 at C:\\Users\\Acer NITRO 5\\Documents\\SI4609-KEL4\\LaravelPPLKel4\\vendor\\laravel\\framework\\src\\Illuminate\\Foundation\\Console\\ServeCommand.php:328)
[stacktrace]
#0 C:\\Users\\Acer NITRO 5\\Documents\\SI4609-KEL4\\LaravelPPLKel4\\vendor\\laravel\\framework\\src\\Illuminate\\Foundation\\Bootstrap\\HandleExceptions.php(255): Illuminate\\Foundation\\Bootstrap\\HandleExceptions->handleError()
#1 C:\\Users\\Acer NITRO 5\\Documents\\SI4609-KEL4\\LaravelPPLKel4\\vendor\\laravel\\framework\\src\\Illuminate\\Foundation\\Console\\ServeCommand.php(328): Illuminate\\Foundation\\Bootstrap\\HandleExceptions->Illuminate\\Foundation\\Bootstrap\\{closure}()
#2 C:\\Users\\Acer NITRO 5\\Documents\\SI4609-KEL4\\LaravelPPLKel4\\vendor\\laravel\\framework\\src\\Illuminate\\Foundation\\Console\\ServeCommand.php(264): Illuminate\\Foundation\\Console\\ServeCommand->getDateFromLine()
#3 C:\\Users\\Acer NITRO 5\\Documents\\SI4609-KEL4\\LaravelPPLKel4\\vendor\\laravel\\framework\\src\\Illuminate\\Collections\\Traits\\EnumeratesValues.php(240): Illuminate\\Foundation\\Console\\ServeCommand->Illuminate\\Foundation\\Console\\{closure}()
#4 C:\\Users\\Acer NITRO 5\\Documents\\SI4609-KEL4\\LaravelPPLKel4\\vendor\\laravel\\framework\\src\\Illuminate\\Foundation\\Console\\ServeCommand.php(248): Illuminate\\Support\\Collection->each()
#5 C:\\Users\\Acer NITRO 5\\Documents\\SI4609-KEL4\\LaravelPPLKel4\\vendor\\symfony\\process\\Process.php(1274): Illuminate\\Foundation\\Console\\ServeCommand->Illuminate\\Foundation\\Console\\{closure}()
#6 C:\\Users\\Acer NITRO 5\\Documents\\SI4609-KEL4\\LaravelPPLKel4\\vendor\\symfony\\process\\Process.php(1376): Symfony\\Component\\Process\\Process->Symfony\\Component\\Process\\{closure}()
#7 C:\\Users\\Acer NITRO 5\\Documents\\SI4609-KEL4\\LaravelPPLKel4\\vendor\\symfony\\process\\Process.php(1296): Symfony\\Component\\Process\\Process->readPipes()
#8 C:\\Users\\Acer NITRO 5\\Documents\\SI4609-KEL4\\LaravelPPLKel4\\vendor\\symfony\\process\\Process.php(838): Symfony\\Component\\Process\\Process->updateStatus()
#9 C:\\Users\\Acer NITRO 5\\Documents\\SI4609-KEL4\\LaravelPPLKel4\\vendor\\laravel\\framework\\src\\Illuminate\\Foundation\\Console\\ServeCommand.php(95): Symfony\\Component\\Process\\Process->isRunning()
#10 C:\\Users\\Acer NITRO 5\\Documents\\SI4609-KEL4\\LaravelPPLKel4\\vendor\\laravel\\framework\\src\\Illuminate\\Container\\BoundMethod.php(36): Illuminate\\Foundation\\Console\\ServeCommand->handle()
#11 C:\\Users\\Acer NITRO 5\\Documents\\SI4609-KEL4\\LaravelPPLKel4\\vendor\\laravel\\framework\\src\\Illuminate\\Container\\Util.php(41): Illuminate\\Container\\BoundMethod::Illuminate\\Container\\{closure}()
#12 C:\\Users\\Acer NITRO 5\\Documents\\SI4609-KEL4\\LaravelPPLKel4\\vendor\\laravel\\framework\\src\\Illuminate\\Container\\BoundMethod.php(93): Illuminate\\Container\\Util::unwrapIfClosure()
#13 C:\\Users\\Acer NITRO 5\\Documents\\SI4609-KEL4\\LaravelPPLKel4\\vendor\\laravel\\framework\\src\\Illuminate\\Container\\BoundMethod.php(35): Illuminate\\Container\\BoundMethod::callBoundMethod()
#14 C:\\Users\\Acer NITRO 5\\Documents\\SI4609-KEL4\\LaravelPPLKel4\\vendor\\laravel\\framework\\src\\Illuminate\\Container\\Container.php(662): Illuminate\\Container\\BoundMethod::call()
#15 C:\\Users\\Acer NITRO 5\\Documents\\SI4609-KEL4\\LaravelPPLKel4\\vendor\\laravel\\framework\\src\\Illuminate\\Console\\Command.php(211): Illuminate\\Container\\Container->call()
#16 C:\\Users\\Acer NITRO 5\\Documents\\SI4609-KEL4\\LaravelPPLKel4\\vendor\\symfony\\console\\Command\\Command.php(326): Illuminate\\Console\\Command->execute()
#17 C:\\Users\\Acer NITRO 5\\Documents\\SI4609-KEL4\\LaravelPPLKel4\\vendor\\laravel\\framework\\src\\Illuminate\\Console\\Command.php(180): Symfony\\Component\\Console\\Command\\Command->run()
#18 C:\\Users\\Acer NITRO 5\\Documents\\SI4609-KEL4\\LaravelPPLKel4\\vendor\\symfony\\console\\Application.php(1096): Illuminate\\Console\\Command->run()
#19 C:\\Users\\Acer NITRO 5\\Documents\\SI4609-KEL4\\LaravelPPLKel4\\vendor\\symfony\\console\\Application.php(324): Symfony\\Component\\Console\\Application->doRunCommand()
#20 C:\\Users\\Acer NITRO 5\\Documents\\SI4609-KEL4\\LaravelPPLKel4\\vendor\\symfony\\console\\Application.php(175): Symfony\\Component\\Console\\Application->doRun()
#21 C:\\Users\\Acer NITRO 5\\Documents\\SI4609-KEL4\\LaravelPPLKel4\\vendor\\laravel\\framework\\src\\Illuminate\\Foundation\\Console\\Kernel.php(201): Symfony\\Component\\Console\\Application->run()
#22 C:\\Users\\Acer NITRO 5\\Documents\\SI4609-KEL4\\LaravelPPLKel4\\artisan(35): Illuminate\\Foundation\\Console\\Kernel->handle()
#23 {main}
"} 
[2025-04-14 02:46:05] local.ERROR: Undefined array key 1 {"exception":"[object] (ErrorException(code: 0): Undefined array key 1 at C:\\Users\\Acer NITRO 5\\Documents\\SI4609-KEL4\\LaravelPPLKel4\\vendor\\laravel\\framework\\src\\Illuminate\\Foundation\\Console\\ServeCommand.php:328)
[stacktrace]
#0 C:\\Users\\Acer NITRO 5\\Documents\\SI4609-KEL4\\LaravelPPLKel4\\vendor\\laravel\\framework\\src\\Illuminate\\Foundation\\Bootstrap\\HandleExceptions.php(255): Illuminate\\Foundation\\Bootstrap\\HandleExceptions->handleError()
#1 C:\\Users\\Acer NITRO 5\\Documents\\SI4609-KEL4\\LaravelPPLKel4\\vendor\\laravel\\framework\\src\\Illuminate\\Foundation\\Console\\ServeCommand.php(328): Illuminate\\Foundation\\Bootstrap\\HandleExceptions->Illuminate\\Foundation\\Bootstrap\\{closure}()
#2 C:\\Users\\Acer NITRO 5\\Documents\\SI4609-KEL4\\LaravelPPLKel4\\vendor\\laravel\\framework\\src\\Illuminate\\Foundation\\Console\\ServeCommand.php(264): Illuminate\\Foundation\\Console\\ServeCommand->getDateFromLine()
#3 C:\\Users\\Acer NITRO 5\\Documents\\SI4609-KEL4\\LaravelPPLKel4\\vendor\\laravel\\framework\\src\\Illuminate\\Collections\\Traits\\EnumeratesValues.php(240): Illuminate\\Foundation\\Console\\ServeCommand->Illuminate\\Foundation\\Console\\{closure}()
#4 C:\\Users\\Acer NITRO 5\\Documents\\SI4609-KEL4\\LaravelPPLKel4\\vendor\\laravel\\framework\\src\\Illuminate\\Foundation\\Console\\ServeCommand.php(248): Illuminate\\Support\\Collection->each()
#5 C:\\Users\\Acer NITRO 5\\Documents\\SI4609-KEL4\\LaravelPPLKel4\\vendor\\symfony\\process\\Process.php(1274): Illuminate\\Foundation\\Console\\ServeCommand->Illuminate\\Foundation\\Console\\{closure}()
#6 C:\\Users\\Acer NITRO 5\\Documents\\SI4609-KEL4\\LaravelPPLKel4\\vendor\\symfony\\process\\Process.php(1376): Symfony\\Component\\Process\\Process->Symfony\\Component\\Process\\{closure}()
#7 C:\\Users\\Acer NITRO 5\\Documents\\SI4609-KEL4\\LaravelPPLKel4\\vendor\\symfony\\process\\Process.php(1296): Symfony\\Component\\Process\\Process->readPipes()
#8 C:\\Users\\Acer NITRO 5\\Documents\\SI4609-KEL4\\LaravelPPLKel4\\vendor\\symfony\\process\\Process.php(838): Symfony\\Component\\Process\\Process->updateStatus()
#9 C:\\Users\\Acer NITRO 5\\Documents\\SI4609-KEL4\\LaravelPPLKel4\\vendor\\laravel\\framework\\src\\Illuminate\\Foundation\\Console\\ServeCommand.php(95): Symfony\\Component\\Process\\Process->isRunning()
#10 C:\\Users\\Acer NITRO 5\\Documents\\SI4609-KEL4\\LaravelPPLKel4\\vendor\\laravel\\framework\\src\\Illuminate\\Container\\BoundMethod.php(36): Illuminate\\Foundation\\Console\\ServeCommand->handle()
#11 C:\\Users\\Acer NITRO 5\\Documents\\SI4609-KEL4\\LaravelPPLKel4\\vendor\\laravel\\framework\\src\\Illuminate\\Container\\Util.php(41): Illuminate\\Container\\BoundMethod::Illuminate\\Container\\{closure}()
#12 C:\\Users\\Acer NITRO 5\\Documents\\SI4609-KEL4\\LaravelPPLKel4\\vendor\\laravel\\framework\\src\\Illuminate\\Container\\BoundMethod.php(93): Illuminate\\Container\\Util::unwrapIfClosure()
#13 C:\\Users\\Acer NITRO 5\\Documents\\SI4609-KEL4\\LaravelPPLKel4\\vendor\\laravel\\framework\\src\\Illuminate\\Container\\BoundMethod.php(35): Illuminate\\Container\\BoundMethod::callBoundMethod()
#14 C:\\Users\\Acer NITRO 5\\Documents\\SI4609-KEL4\\LaravelPPLKel4\\vendor\\laravel\\framework\\src\\Illuminate\\Container\\Container.php(662): Illuminate\\Container\\BoundMethod::call()
#15 C:\\Users\\Acer NITRO 5\\Documents\\SI4609-KEL4\\LaravelPPLKel4\\vendor\\laravel\\framework\\src\\Illuminate\\Console\\Command.php(211): Illuminate\\Container\\Container->call()
#16 C:\\Users\\Acer NITRO 5\\Documents\\SI4609-KEL4\\LaravelPPLKel4\\vendor\\symfony\\console\\Command\\Command.php(326): Illuminate\\Console\\Command->execute()
#17 C:\\Users\\Acer NITRO 5\\Documents\\SI4609-KEL4\\LaravelPPLKel4\\vendor\\laravel\\framework\\src\\Illuminate\\Console\\Command.php(180): Symfony\\Component\\Console\\Command\\Command->run()
#18 C:\\Users\\Acer NITRO 5\\Documents\\SI4609-KEL4\\LaravelPPLKel4\\vendor\\symfony\\console\\Application.php(1096): Illuminate\\Console\\Command->run()
#19 C:\\Users\\Acer NITRO 5\\Documents\\SI4609-KEL4\\LaravelPPLKel4\\vendor\\symfony\\console\\Application.php(324): Symfony\\Component\\Console\\Application->doRunCommand()
#20 C:\\Users\\Acer NITRO 5\\Documents\\SI4609-KEL4\\LaravelPPLKel4\\vendor\\symfony\\console\\Application.php(175): Symfony\\Component\\Console\\Application->doRun()
#21 C:\\Users\\Acer NITRO 5\\Documents\\SI4609-KEL4\\LaravelPPLKel4\\vendor\\laravel\\framework\\src\\Illuminate\\Foundation\\Console\\Kernel.php(201): Symfony\\Component\\Console\\Application->run()
#22 C:\\Users\\Acer NITRO 5\\Documents\\SI4609-KEL4\\LaravelPPLKel4\\artisan(35): Illuminate\\Foundation\\Console\\Kernel->handle()
#23 {main}
"} 
[2025-04-14 02:48:25] local.ERROR: No application encryption key has been specified. {"exception":"[object] (Illuminate\\Encryption\\MissingAppKeyException(code: 0): No application encryption key has been specified. at C:\\Users\\Acer NITRO 5\\Documents\\SI4609-KEL4\\LaravelPPLKel4\\vendor\\laravel\\framework\\src\\Illuminate\\Encryption\\EncryptionServiceProvider.php:79)
[stacktrace]
#0 C:\\Users\\Acer NITRO 5\\Documents\\SI4609-KEL4\\LaravelPPLKel4\\vendor\\laravel\\framework\\src\\Illuminate\\Support\\helpers.php(320): Illuminate\\Encryption\\EncryptionServiceProvider->Illuminate\\Encryption\\{closure}()
#1 C:\\Users\\Acer NITRO 5\\Documents\\SI4609-KEL4\\LaravelPPLKel4\\vendor\\laravel\\framework\\src\\Illuminate\\Encryption\\EncryptionServiceProvider.php(77): tap()
#2 C:\\Users\\Acer NITRO 5\\Documents\\SI4609-KEL4\\LaravelPPLKel4\\vendor\\laravel\\framework\\src\\Illuminate\\Encryption\\EncryptionServiceProvider.php(60): Illuminate\\Encryption\\EncryptionServiceProvider->key()
#3 C:\\Users\\Acer NITRO 5\\Documents\\SI4609-KEL4\\LaravelPPLKel4\\vendor\\laravel\\framework\\src\\Illuminate\\Encryption\\EncryptionServiceProvider.php(32): Illuminate\\Encryption\\EncryptionServiceProvider->parseKey()
#4 C:\\Users\\Acer NITRO 5\\Documents\\SI4609-KEL4\\LaravelPPLKel4\\vendor\\laravel\\framework\\src\\Illuminate\\Container\\Container.php(908): Illuminate\\Encryption\\EncryptionServiceProvider->Illuminate\\Encryption\\{closure}()
#5 C:\\Users\\Acer NITRO 5\\Documents\\SI4609-KEL4\\LaravelPPLKel4\\vendor\\laravel\\framework\\src\\Illuminate\\Container\\Container.php(795): Illuminate\\Container\\Container->build()
#6 C:\\Users\\Acer NITRO 5\\Documents\\SI4609-KEL4\\LaravelPPLKel4\\vendor\\laravel\\framework\\src\\Illuminate\\Foundation\\Application.php(986): Illuminate\\Container\\Container->resolve()
#7 C:\\Users\\Acer NITRO 5\\Documents\\SI4609-KEL4\\LaravelPPLKel4\\vendor\\laravel\\framework\\src\\Illuminate\\Container\\Container.php(731): Illuminate\\Foundation\\Application->resolve()
#8 C:\\Users\\Acer NITRO 5\\Documents\\SI4609-KEL4\\LaravelPPLKel4\\vendor\\laravel\\framework\\src\\Illuminate\\Foundation\\Application.php(971): Illuminate\\Container\\Container->make()
#9 C:\\Users\\Acer NITRO 5\\Documents\\SI4609-KEL4\\LaravelPPLKel4\\vendor\\laravel\\framework\\src\\Illuminate\\Container\\Container.php(1066): Illuminate\\Foundation\\Application->make()
#10 C:\\Users\\Acer NITRO 5\\Documents\\SI4609-KEL4\\LaravelPPLKel4\\vendor\\laravel\\framework\\src\\Illuminate\\Container\\Container.php(982): Illuminate\\Container\\Container->resolveClass()
#11 C:\\Users\\Acer NITRO 5\\Documents\\SI4609-KEL4\\LaravelPPLKel4\\vendor\\laravel\\framework\\src\\Illuminate\\Container\\Container.php(943): Illuminate\\Container\\Container->resolveDependencies()
#12 C:\\Users\\Acer NITRO 5\\Documents\\SI4609-KEL4\\LaravelPPLKel4\\vendor\\laravel\\framework\\src\\Illuminate\\Container\\Container.php(795): Illuminate\\Container\\Container->build()
#13 C:\\Users\\Acer NITRO 5\\Documents\\SI4609-KEL4\\LaravelPPLKel4\\vendor\\laravel\\framework\\src\\Illuminate\\Foundation\\Application.php(986): Illuminate\\Container\\Container->resolve()
#14 C:\\Users\\Acer NITRO 5\\Documents\\SI4609-KEL4\\LaravelPPLKel4\\vendor\\laravel\\framework\\src\\Illuminate\\Container\\Container.php(731): Illuminate\\Foundation\\Application->resolve()
#15 C:\\Users\\Acer NITRO 5\\Documents\\SI4609-KEL4\\LaravelPPLKel4\\vendor\\laravel\\framework\\src\\Illuminate\\Foundation\\Application.php(971): Illuminate\\Container\\Container->make()
#16 C:\\Users\\Acer NITRO 5\\Documents\\SI4609-KEL4\\LaravelPPLKel4\\vendor\\laravel\\framework\\src\\Illuminate\\Pipeline\\Pipeline.php(172): Illuminate\\Foundation\\Application->make()
#17 C:\\Users\\Acer NITRO 5\\Documents\\SI4609-KEL4\\LaravelPPLKel4\\vendor\\laravel\\framework\\src\\Illuminate\\Pipeline\\Pipeline.php(119): Illuminate\\Pipeline\\Pipeline->Illuminate\\Pipeline\\{closure}()
#18 C:\\Users\\Acer NITRO 5\\Documents\\SI4609-KEL4\\LaravelPPLKel4\\vendor\\laravel\\framework\\src\\Illuminate\\Routing\\Router.php(805): Illuminate\\Pipeline\\Pipeline->then()
#19 C:\\Users\\Acer NITRO 5\\Documents\\SI4609-KEL4\\LaravelPPLKel4\\vendor\\laravel\\framework\\src\\Illuminate\\Routing\\Router.php(784): Illuminate\\Routing\\Router->runRouteWithinStack()
#20 C:\\Users\\Acer NITRO 5\\Documents\\SI4609-KEL4\\LaravelPPLKel4\\vendor\\laravel\\framework\\src\\Illuminate\\Routing\\Router.php(748): Illuminate\\Routing\\Router->runRoute()
#21 C:\\Users\\Acer NITRO 5\\Documents\\SI4609-KEL4\\LaravelPPLKel4\\vendor\\laravel\\framework\\src\\Illuminate\\Routing\\Router.php(737): Illuminate\\Routing\\Router->dispatchToRoute()
#22 C:\\Users\\Acer NITRO 5\\Documents\\SI4609-KEL4\\LaravelPPLKel4\\vendor\\laravel\\framework\\src\\Illuminate\\Foundation\\Http\\Kernel.php(200): Illuminate\\Routing\\Router->dispatch()
#23 C:\\Users\\Acer NITRO 5\\Documents\\SI4609-KEL4\\LaravelPPLKel4\\vendor\\laravel\\framework\\src\\Illuminate\\Pipeline\\Pipeline.php(144): Illuminate\\Foundation\\Http\\Kernel->Illuminate\\Foundation\\Http\\{closure}()
#24 C:\\Users\\Acer NITRO 5\\Documents\\SI4609-KEL4\\LaravelPPLKel4\\vendor\\laravel\\framework\\src\\Illuminate\\Foundation\\Http\\Middleware\\TransformsRequest.php(21): Illuminate\\Pipeline\\Pipeline->Illuminate\\Pipeline\\{closure}()
#25 C:\\Users\\Acer NITRO 5\\Documents\\SI4609-KEL4\\LaravelPPLKel4\\vendor\\laravel\\framework\\src\\Illuminate\\Foundation\\Http\\Middleware\\ConvertEmptyStringsToNull.php(31): Illuminate\\Foundation\\Http\\Middleware\\TransformsRequest->handle()
#26 C:\\Users\\Acer NITRO 5\\Documents\\SI4609-KEL4\\LaravelPPLKel4\\vendor\\laravel\\framework\\src\\Illuminate\\Pipeline\\Pipeline.php(183): Illuminate\\Foundation\\Http\\Middleware\\ConvertEmptyStringsToNull->handle()
#27 C:\\Users\\Acer NITRO 5\\Documents\\SI4609-KEL4\\LaravelPPLKel4\\vendor\\laravel\\framework\\src\\Illuminate\\Foundation\\Http\\Middleware\\TransformsRequest.php(21): Illuminate\\Pipeline\\Pipeline->Illuminate\\Pipeline\\{closure}()
#28 C:\\Users\\Acer NITRO 5\\Documents\\SI4609-KEL4\\LaravelPPLKel4\\vendor\\laravel\\framework\\src\\Illuminate\\Foundation\\Http\\Middleware\\TrimStrings.php(40): Illuminate\\Foundation\\Http\\Middleware\\TransformsRequest->handle()
#29 C:\\Users\\Acer NITRO 5\\Documents\\SI4609-KEL4\\LaravelPPLKel4\\vendor\\laravel\\framework\\src\\Illuminate\\Pipeline\\Pipeline.php(183): Illuminate\\Foundation\\Http\\Middleware\\TrimStrings->handle()
#30 C:\\Users\\Acer NITRO 5\\Documents\\SI4609-KEL4\\LaravelPPLKel4\\vendor\\laravel\\framework\\src\\Illuminate\\Foundation\\Http\\Middleware\\ValidatePostSize.php(27): Illuminate\\Pipeline\\Pipeline->Illuminate\\Pipeline\\{closure}()
#31 C:\\Users\\Acer NITRO 5\\Documents\\SI4609-KEL4\\LaravelPPLKel4\\vendor\\laravel\\framework\\src\\Illuminate\\Pipeline\\Pipeline.php(183): Illuminate\\Foundation\\Http\\Middleware\\ValidatePostSize->handle()
#32 C:\\Users\\Acer NITRO 5\\Documents\\SI4609-KEL4\\LaravelPPLKel4\\vendor\\laravel\\framework\\src\\Illuminate\\Foundation\\Http\\Middleware\\PreventRequestsDuringMaintenance.php(99): Illuminate\\Pipeline\\Pipeline->Illuminate\\Pipeline\\{closure}()
#33 C:\\Users\\Acer NITRO 5\\Documents\\SI4609-KEL4\\LaravelPPLKel4\\vendor\\laravel\\framework\\src\\Illuminate\\Pipeline\\Pipeline.php(183): Illuminate\\Foundation\\Http\\Middleware\\PreventRequestsDuringMaintenance->handle()
#34 C:\\Users\\Acer NITRO 5\\Documents\\SI4609-KEL4\\LaravelPPLKel4\\vendor\\laravel\\framework\\src\\Illuminate\\Http\\Middleware\\HandleCors.php(49): Illuminate\\Pipeline\\Pipeline->Illuminate\\Pipeline\\{closure}()
#35 C:\\Users\\Acer NITRO 5\\Documents\\SI4609-KEL4\\LaravelPPLKel4\\vendor\\laravel\\framework\\src\\Illuminate\\Pipeline\\Pipeline.php(183): Illuminate\\Http\\Middleware\\HandleCors->handle()
#36 C:\\Users\\Acer NITRO 5\\Documents\\SI4609-KEL4\\LaravelPPLKel4\\vendor\\laravel\\framework\\src\\Illuminate\\Http\\Middleware\\TrustProxies.php(39): Illuminate\\Pipeline\\Pipeline->Illuminate\\Pipeline\\{closure}()
#37 C:\\Users\\Acer NITRO 5\\Documents\\SI4609-KEL4\\LaravelPPLKel4\\vendor\\laravel\\framework\\src\\Illuminate\\Pipeline\\Pipeline.php(183): Illuminate\\Http\\Middleware\\TrustProxies->handle()
#38 C:\\Users\\Acer NITRO 5\\Documents\\SI4609-KEL4\\LaravelPPLKel4\\vendor\\laravel\\framework\\src\\Illuminate\\Pipeline\\Pipeline.php(119): Illuminate\\Pipeline\\Pipeline->Illuminate\\Pipeline\\{closure}()
#39 C:\\Users\\Acer NITRO 5\\Documents\\SI4609-KEL4\\LaravelPPLKel4\\vendor\\laravel\\framework\\src\\Illuminate\\Foundation\\Http\\Kernel.php(175): Illuminate\\Pipeline\\Pipeline->then()
#40 C:\\Users\\Acer NITRO 5\\Documents\\SI4609-KEL4\\LaravelPPLKel4\\vendor\\laravel\\framework\\src\\Illuminate\\Foundation\\Http\\Kernel.php(144): Illuminate\\Foundation\\Http\\Kernel->sendRequestThroughRouter()
#41 C:\\Users\\Acer NITRO 5\\Documents\\SI4609-KEL4\\LaravelPPLKel4\\public\\index.php(51): Illuminate\\Foundation\\Http\\Kernel->handle()
#42 C:\\Users\\Acer NITRO 5\\Documents\\SI4609-KEL4\\LaravelPPLKel4\\vendor\\laravel\\framework\\src\\Illuminate\\Foundation\\resources\\server.php(16): require_once('...')
#43 {main}
"} 
[2025-04-14 02:48:25] local.ERROR: No application encryption key has been specified. {"exception":"[object] (Illuminate\\Encryption\\MissingAppKeyException(code: 0): No application encryption key has been specified. at C:\\Users\\Acer NITRO 5\\Documents\\SI4609-KEL4\\LaravelPPLKel4\\vendor\\laravel\\framework\\src\\Illuminate\\Encryption\\EncryptionServiceProvider.php:79)
[stacktrace]
#0 C:\\Users\\Acer NITRO 5\\Documents\\SI4609-KEL4\\LaravelPPLKel4\\vendor\\laravel\\framework\\src\\Illuminate\\Support\\helpers.php(320): Illuminate\\Encryption\\EncryptionServiceProvider->Illuminate\\Encryption\\{closure}()
#1 C:\\Users\\Acer NITRO 5\\Documents\\SI4609-KEL4\\LaravelPPLKel4\\vendor\\laravel\\framework\\src\\Illuminate\\Encryption\\EncryptionServiceProvider.php(77): tap()
#2 C:\\Users\\Acer NITRO 5\\Documents\\SI4609-KEL4\\LaravelPPLKel4\\vendor\\laravel\\framework\\src\\Illuminate\\Encryption\\EncryptionServiceProvider.php(60): Illuminate\\Encryption\\EncryptionServiceProvider->key()
#3 C:\\Users\\Acer NITRO 5\\Documents\\SI4609-KEL4\\LaravelPPLKel4\\vendor\\laravel\\framework\\src\\Illuminate\\Encryption\\EncryptionServiceProvider.php(32): Illuminate\\Encryption\\EncryptionServiceProvider->parseKey()
#4 C:\\Users\\Acer NITRO 5\\Documents\\SI4609-KEL4\\LaravelPPLKel4\\vendor\\laravel\\framework\\src\\Illuminate\\Container\\Container.php(908): Illuminate\\Encryption\\EncryptionServiceProvider->Illuminate\\Encryption\\{closure}()
#5 C:\\Users\\Acer NITRO 5\\Documents\\SI4609-KEL4\\LaravelPPLKel4\\vendor\\laravel\\framework\\src\\Illuminate\\Container\\Container.php(795): Illuminate\\Container\\Container->build()
#6 C:\\Users\\Acer NITRO 5\\Documents\\SI4609-KEL4\\LaravelPPLKel4\\vendor\\laravel\\framework\\src\\Illuminate\\Foundation\\Application.php(986): Illuminate\\Container\\Container->resolve()
#7 C:\\Users\\Acer NITRO 5\\Documents\\SI4609-KEL4\\LaravelPPLKel4\\vendor\\laravel\\framework\\src\\Illuminate\\Container\\Container.php(731): Illuminate\\Foundation\\Application->resolve()
#8 C:\\Users\\Acer NITRO 5\\Documents\\SI4609-KEL4\\LaravelPPLKel4\\vendor\\laravel\\framework\\src\\Illuminate\\Foundation\\Application.php(971): Illuminate\\Container\\Container->make()
#9 C:\\Users\\Acer NITRO 5\\Documents\\SI4609-KEL4\\LaravelPPLKel4\\vendor\\laravel\\framework\\src\\Illuminate\\Container\\Container.php(1066): Illuminate\\Foundation\\Application->make()
#10 C:\\Users\\Acer NITRO 5\\Documents\\SI4609-KEL4\\LaravelPPLKel4\\vendor\\laravel\\framework\\src\\Illuminate\\Container\\Container.php(982): Illuminate\\Container\\Container->resolveClass()
#11 C:\\Users\\Acer NITRO 5\\Documents\\SI4609-KEL4\\LaravelPPLKel4\\vendor\\laravel\\framework\\src\\Illuminate\\Container\\Container.php(943): Illuminate\\Container\\Container->resolveDependencies()
#12 C:\\Users\\Acer NITRO 5\\Documents\\SI4609-KEL4\\LaravelPPLKel4\\vendor\\laravel\\framework\\src\\Illuminate\\Container\\Container.php(795): Illuminate\\Container\\Container->build()
#13 C:\\Users\\Acer NITRO 5\\Documents\\SI4609-KEL4\\LaravelPPLKel4\\vendor\\laravel\\framework\\src\\Illuminate\\Foundation\\Application.php(986): Illuminate\\Container\\Container->resolve()
#14 C:\\Users\\Acer NITRO 5\\Documents\\SI4609-KEL4\\LaravelPPLKel4\\vendor\\laravel\\framework\\src\\Illuminate\\Container\\Container.php(731): Illuminate\\Foundation\\Application->resolve()
#15 C:\\Users\\Acer NITRO 5\\Documents\\SI4609-KEL4\\LaravelPPLKel4\\vendor\\laravel\\framework\\src\\Illuminate\\Foundation\\Application.php(971): Illuminate\\Container\\Container->make()
#16 C:\\Users\\Acer NITRO 5\\Documents\\SI4609-KEL4\\LaravelPPLKel4\\vendor\\laravel\\framework\\src\\Illuminate\\Foundation\\Http\\Kernel.php(255): Illuminate\\Foundation\\Application->make()
#17 C:\\Users\\Acer NITRO 5\\Documents\\SI4609-KEL4\\LaravelPPLKel4\\vendor\\laravel\\framework\\src\\Illuminate\\Foundation\\Http\\Kernel.php(213): Illuminate\\Foundation\\Http\\Kernel->terminateMiddleware()
#18 C:\\Users\\Acer NITRO 5\\Documents\\SI4609-KEL4\\LaravelPPLKel4\\public\\index.php(55): Illuminate\\Foundation\\Http\\Kernel->terminate()
#19 C:\\Users\\Acer NITRO 5\\Documents\\SI4609-KEL4\\LaravelPPLKel4\\vendor\\laravel\\framework\\src\\Illuminate\\Foundation\\resources\\server.php(16): require_once('...')
#20 {main}
"} 
[2025-04-14 02:49:06] local.ERROR: View [welcome] not found. {"exception":"[object] (InvalidArgumentException(code: 0): View [welcome] not found. at C:\\Users\\Acer NITRO 5\\Documents\\SI4609-KEL4\\LaravelPPLKel4\\vendor\\laravel\\framework\\src\\Illuminate\\View\\FileViewFinder.php:137)
[stacktrace]
#0 C:\\Users\\Acer NITRO 5\\Documents\\SI4609-KEL4\\LaravelPPLKel4\\vendor\\laravel\\framework\\src\\Illuminate\\View\\FileViewFinder.php(79): Illuminate\\View\\FileViewFinder->findInPaths()
#1 C:\\Users\\Acer NITRO 5\\Documents\\SI4609-KEL4\\LaravelPPLKel4\\vendor\\laravel\\framework\\src\\Illuminate\\View\\Factory.php(137): Illuminate\\View\\FileViewFinder->find()
#2 C:\\Users\\Acer NITRO 5\\Documents\\SI4609-KEL4\\LaravelPPLKel4\\vendor\\laravel\\framework\\src\\Illuminate\\Foundation\\helpers.php(1020): Illuminate\\View\\Factory->make()
#3 C:\\Users\\Acer NITRO 5\\Documents\\SI4609-KEL4\\LaravelPPLKel4\\routes\\web.php(17): view()
#4 C:\\Users\\Acer NITRO 5\\Documents\\SI4609-KEL4\\LaravelPPLKel4\\vendor\\laravel\\framework\\src\\Illuminate\\Routing\\CallableDispatcher.php(40): Illuminate\\Routing\\RouteFileRegistrar->{closure}()
#5 C:\\Users\\Acer NITRO 5\\Documents\\SI4609-KEL4\\LaravelPPLKel4\\vendor\\laravel\\framework\\src\\Illuminate\\Routing\\Route.php(237): Illuminate\\Routing\\CallableDispatcher->dispatch()
#6 C:\\Users\\Acer NITRO 5\\Documents\\SI4609-KEL4\\LaravelPPLKel4\\vendor\\laravel\\framework\\src\\Illuminate\\Routing\\Route.php(208): Illuminate\\Routing\\Route->runCallable()
#7 C:\\Users\\Acer NITRO 5\\Documents\\SI4609-KEL4\\LaravelPPLKel4\\vendor\\laravel\\framework\\src\\Illuminate\\Routing\\Router.php(806): Illuminate\\Routing\\Route->run()
#8 C:\\Users\\Acer NITRO 5\\Documents\\SI4609-KEL4\\LaravelPPLKel4\\vendor\\laravel\\framework\\src\\Illuminate\\Pipeline\\Pipeline.php(144): Illuminate\\Routing\\Router->Illuminate\\Routing\\{closure}()
#9 C:\\Users\\Acer NITRO 5\\Documents\\SI4609-KEL4\\LaravelPPLKel4\\vendor\\laravel\\framework\\src\\Illuminate\\Routing\\Middleware\\SubstituteBindings.php(50): Illuminate\\Pipeline\\Pipeline->Illuminate\\Pipeline\\{closure}()
#10 C:\\Users\\Acer NITRO 5\\Documents\\SI4609-KEL4\\LaravelPPLKel4\\vendor\\laravel\\framework\\src\\Illuminate\\Pipeline\\Pipeline.php(183): Illuminate\\Routing\\Middleware\\SubstituteBindings->handle()
#11 C:\\Users\\Acer NITRO 5\\Documents\\SI4609-KEL4\\LaravelPPLKel4\\vendor\\laravel\\framework\\src\\Illuminate\\Foundation\\Http\\Middleware\\VerifyCsrfToken.php(78): Illuminate\\Pipeline\\Pipeline->Illuminate\\Pipeline\\{closure}()
#12 C:\\Users\\Acer NITRO 5\\Documents\\SI4609-KEL4\\LaravelPPLKel4\\vendor\\laravel\\framework\\src\\Illuminate\\Pipeline\\Pipeline.php(183): Illuminate\\Foundation\\Http\\Middleware\\VerifyCsrfToken->handle()
#13 C:\\Users\\Acer NITRO 5\\Documents\\SI4609-KEL4\\LaravelPPLKel4\\vendor\\laravel\\framework\\src\\Illuminate\\View\\Middleware\\ShareErrorsFromSession.php(49): Illuminate\\Pipeline\\Pipeline->Illuminate\\Pipeline\\{closure}()
#14 C:\\Users\\Acer NITRO 5\\Documents\\SI4609-KEL4\\LaravelPPLKel4\\vendor\\laravel\\framework\\src\\Illuminate\\Pipeline\\Pipeline.php(183): Illuminate\\View\\Middleware\\ShareErrorsFromSession->handle()
#15 C:\\Users\\Acer NITRO 5\\Documents\\SI4609-KEL4\\LaravelPPLKel4\\vendor\\laravel\\framework\\src\\Illuminate\\Session\\Middleware\\StartSession.php(121): Illuminate\\Pipeline\\Pipeline->Illuminate\\Pipeline\\{closure}()
#16 C:\\Users\\Acer NITRO 5\\Documents\\SI4609-KEL4\\LaravelPPLKel4\\vendor\\laravel\\framework\\src\\Illuminate\\Session\\Middleware\\StartSession.php(64): Illuminate\\Session\\Middleware\\StartSession->handleStatefulRequest()
#17 C:\\Users\\Acer NITRO 5\\Documents\\SI4609-KEL4\\LaravelPPLKel4\\vendor\\laravel\\framework\\src\\Illuminate\\Pipeline\\Pipeline.php(183): Illuminate\\Session\\Middleware\\StartSession->handle()
#18 C:\\Users\\Acer NITRO 5\\Documents\\SI4609-KEL4\\LaravelPPLKel4\\vendor\\laravel\\framework\\src\\Illuminate\\Cookie\\Middleware\\AddQueuedCookiesToResponse.php(37): Illuminate\\Pipeline\\Pipeline->Illuminate\\Pipeline\\{closure}()
#19 C:\\Users\\Acer NITRO 5\\Documents\\SI4609-KEL4\\LaravelPPLKel4\\vendor\\laravel\\framework\\src\\Illuminate\\Pipeline\\Pipeline.php(183): Illuminate\\Cookie\\Middleware\\AddQueuedCookiesToResponse->handle()
#20 C:\\Users\\Acer NITRO 5\\Documents\\SI4609-KEL4\\LaravelPPLKel4\\vendor\\laravel\\framework\\src\\Illuminate\\Cookie\\Middleware\\EncryptCookies.php(67): Illuminate\\Pipeline\\Pipeline->Illuminate\\Pipeline\\{closure}()
#21 C:\\Users\\Acer NITRO 5\\Documents\\SI4609-KEL4\\LaravelPPLKel4\\vendor\\laravel\\framework\\src\\Illuminate\\Pipeline\\Pipeline.php(183): Illuminate\\Cookie\\Middleware\\EncryptCookies->handle()
#22 C:\\Users\\Acer NITRO 5\\Documents\\SI4609-KEL4\\LaravelPPLKel4\\vendor\\laravel\\framework\\src\\Illuminate\\Pipeline\\Pipeline.php(119): Illuminate\\Pipeline\\Pipeline->Illuminate\\Pipeline\\{closure}()
#23 C:\\Users\\Acer NITRO 5\\Documents\\SI4609-KEL4\\LaravelPPLKel4\\vendor\\laravel\\framework\\src\\Illuminate\\Routing\\Router.php(805): Illuminate\\Pipeline\\Pipeline->then()
#24 C:\\Users\\Acer NITRO 5\\Documents\\SI4609-KEL4\\LaravelPPLKel4\\vendor\\laravel\\framework\\src\\Illuminate\\Routing\\Router.php(784): Illuminate\\Routing\\Router->runRouteWithinStack()
#25 C:\\Users\\Acer NITRO 5\\Documents\\SI4609-KEL4\\LaravelPPLKel4\\vendor\\laravel\\framework\\src\\Illuminate\\Routing\\Router.php(748): Illuminate\\Routing\\Router->runRoute()
#26 C:\\Users\\Acer NITRO 5\\Documents\\SI4609-KEL4\\LaravelPPLKel4\\vendor\\laravel\\framework\\src\\Illuminate\\Routing\\Router.php(737): Illuminate\\Routing\\Router->dispatchToRoute()
#27 C:\\Users\\Acer NITRO 5\\Documents\\SI4609-KEL4\\LaravelPPLKel4\\vendor\\laravel\\framework\\src\\Illuminate\\Foundation\\Http\\Kernel.php(200): Illuminate\\Routing\\Router->dispatch()
#28 C:\\Users\\Acer NITRO 5\\Documents\\SI4609-KEL4\\LaravelPPLKel4\\vendor\\laravel\\framework\\src\\Illuminate\\Pipeline\\Pipeline.php(144): Illuminate\\Foundation\\Http\\Kernel->Illuminate\\Foundation\\Http\\{closure}()
#29 C:\\Users\\Acer NITRO 5\\Documents\\SI4609-KEL4\\LaravelPPLKel4\\vendor\\laravel\\framework\\src\\Illuminate\\Foundation\\Http\\Middleware\\TransformsRequest.php(21): Illuminate\\Pipeline\\Pipeline->Illuminate\\Pipeline\\{closure}()
#30 C:\\Users\\Acer NITRO 5\\Documents\\SI4609-KEL4\\LaravelPPLKel4\\vendor\\laravel\\framework\\src\\Illuminate\\Foundation\\Http\\Middleware\\ConvertEmptyStringsToNull.php(31): Illuminate\\Foundation\\Http\\Middleware\\TransformsRequest->handle()
#31 C:\\Users\\Acer NITRO 5\\Documents\\SI4609-KEL4\\LaravelPPLKel4\\vendor\\laravel\\framework\\src\\Illuminate\\Pipeline\\Pipeline.php(183): Illuminate\\Foundation\\Http\\Middleware\\ConvertEmptyStringsToNull->handle()
#32 C:\\Users\\Acer NITRO 5\\Documents\\SI4609-KEL4\\LaravelPPLKel4\\vendor\\laravel\\framework\\src\\Illuminate\\Foundation\\Http\\Middleware\\TransformsRequest.php(21): Illuminate\\Pipeline\\Pipeline->Illuminate\\Pipeline\\{closure}()
#33 C:\\Users\\Acer NITRO 5\\Documents\\SI4609-KEL4\\LaravelPPLKel4\\vendor\\laravel\\framework\\src\\Illuminate\\Foundation\\Http\\Middleware\\TrimStrings.php(40): Illuminate\\Foundation\\Http\\Middleware\\TransformsRequest->handle()
#34 C:\\Users\\Acer NITRO 5\\Documents\\SI4609-KEL4\\LaravelPPLKel4\\vendor\\laravel\\framework\\src\\Illuminate\\Pipeline\\Pipeline.php(183): Illuminate\\Foundation\\Http\\Middleware\\TrimStrings->handle()
#35 C:\\Users\\Acer NITRO 5\\Documents\\SI4609-KEL4\\LaravelPPLKel4\\vendor\\laravel\\framework\\src\\Illuminate\\Foundation\\Http\\Middleware\\ValidatePostSize.php(27): Illuminate\\Pipeline\\Pipeline->Illuminate\\Pipeline\\{closure}()
#36 C:\\Users\\Acer NITRO 5\\Documents\\SI4609-KEL4\\LaravelPPLKel4\\vendor\\laravel\\framework\\src\\Illuminate\\Pipeline\\Pipeline.php(183): Illuminate\\Foundation\\Http\\Middleware\\ValidatePostSize->handle()
#37 C:\\Users\\Acer NITRO 5\\Documents\\SI4609-KEL4\\LaravelPPLKel4\\vendor\\laravel\\framework\\src\\Illuminate\\Foundation\\Http\\Middleware\\PreventRequestsDuringMaintenance.php(99): Illuminate\\Pipeline\\Pipeline->Illuminate\\Pipeline\\{closure}()
#38 C:\\Users\\Acer NITRO 5\\Documents\\SI4609-KEL4\\LaravelPPLKel4\\vendor\\laravel\\framework\\src\\Illuminate\\Pipeline\\Pipeline.php(183): Illuminate\\Foundation\\Http\\Middleware\\PreventRequestsDuringMaintenance->handle()
#39 C:\\Users\\Acer NITRO 5\\Documents\\SI4609-KEL4\\LaravelPPLKel4\\vendor\\laravel\\framework\\src\\Illuminate\\Http\\Middleware\\HandleCors.php(49): Illuminate\\Pipeline\\Pipeline->Illuminate\\Pipeline\\{closure}()
#40 C:\\Users\\Acer NITRO 5\\Documents\\SI4609-KEL4\\LaravelPPLKel4\\vendor\\laravel\\framework\\src\\Illuminate\\Pipeline\\Pipeline.php(183): Illuminate\\Http\\Middleware\\HandleCors->handle()
#41 C:\\Users\\Acer NITRO 5\\Documents\\SI4609-KEL4\\LaravelPPLKel4\\vendor\\laravel\\framework\\src\\Illuminate\\Http\\Middleware\\TrustProxies.php(39): Illuminate\\Pipeline\\Pipeline->Illuminate\\Pipeline\\{closure}()
#42 C:\\Users\\Acer NITRO 5\\Documents\\SI4609-KEL4\\LaravelPPLKel4\\vendor\\laravel\\framework\\src\\Illuminate\\Pipeline\\Pipeline.php(183): Illuminate\\Http\\Middleware\\TrustProxies->handle()
#43 C:\\Users\\Acer NITRO 5\\Documents\\SI4609-KEL4\\LaravelPPLKel4\\vendor\\laravel\\framework\\src\\Illuminate\\Pipeline\\Pipeline.php(119): Illuminate\\Pipeline\\Pipeline->Illuminate\\Pipeline\\{closure}()
#44 C:\\Users\\Acer NITRO 5\\Documents\\SI4609-KEL4\\LaravelPPLKel4\\vendor\\laravel\\framework\\src\\Illuminate\\Foundation\\Http\\Kernel.php(175): Illuminate\\Pipeline\\Pipeline->then()
#45 C:\\Users\\Acer NITRO 5\\Documents\\SI4609-KEL4\\LaravelPPLKel4\\vendor\\laravel\\framework\\src\\Illuminate\\Foundation\\Http\\Kernel.php(144): Illuminate\\Foundation\\Http\\Kernel->sendRequestThroughRouter()
#46 C:\\Users\\Acer NITRO 5\\Documents\\SI4609-KEL4\\LaravelPPLKel4\\public\\index.php(51): Illuminate\\Foundation\\Http\\Kernel->handle()
#47 C:\\Users\\Acer NITRO 5\\Documents\\SI4609-KEL4\\LaravelPPLKel4\\vendor\\laravel\\framework\\src\\Illuminate\\Foundation\\resources\\server.php(16): require_once('...')
#48 {main}
"} 
[2025-04-14 02:55:10] local.ERROR: filemtime(): stat failed for C:\Users\Acer NITRO 5\Documents\SI4609-KEL4\LaravelPPLKel4\.env {"exception":"[object] (ErrorException(code: 0): filemtime(): stat failed for C:\\Users\\Acer NITRO 5\\Documents\\SI4609-KEL4\\LaravelPPLKel4\\.env at C:\\Users\\Acer NITRO 5\\Documents\\SI4609-KEL4\\LaravelPPLKel4\\vendor\\laravel\\framework\\src\\Illuminate\\Foundation\\Console\\ServeCommand.php:102)
[stacktrace]
#0 C:\\Users\\Acer NITRO 5\\Documents\\SI4609-KEL4\\LaravelPPLKel4\\vendor\\laravel\\framework\\src\\Illuminate\\Foundation\\Bootstrap\\HandleExceptions.php(255): Illuminate\\Foundation\\Bootstrap\\HandleExceptions->handleError()
#1 [internal function]: Illuminate\\Foundation\\Bootstrap\\HandleExceptions->Illuminate\\Foundation\\Bootstrap\\{closure}()
#2 C:\\Users\\Acer NITRO 5\\Documents\\SI4609-KEL4\\LaravelPPLKel4\\vendor\\laravel\\framework\\src\\Illuminate\\Foundation\\Console\\ServeCommand.php(102): filemtime()
#3 C:\\Users\\Acer NITRO 5\\Documents\\SI4609-KEL4\\LaravelPPLKel4\\vendor\\laravel\\framework\\src\\Illuminate\\Container\\BoundMethod.php(36): Illuminate\\Foundation\\Console\\ServeCommand->handle()
#4 C:\\Users\\Acer NITRO 5\\Documents\\SI4609-KEL4\\LaravelPPLKel4\\vendor\\laravel\\framework\\src\\Illuminate\\Container\\Util.php(41): Illuminate\\Container\\BoundMethod::Illuminate\\Container\\{closure}()
#5 C:\\Users\\Acer NITRO 5\\Documents\\SI4609-KEL4\\LaravelPPLKel4\\vendor\\laravel\\framework\\src\\Illuminate\\Container\\BoundMethod.php(93): Illuminate\\Container\\Util::unwrapIfClosure()
#6 C:\\Users\\Acer NITRO 5\\Documents\\SI4609-KEL4\\LaravelPPLKel4\\vendor\\laravel\\framework\\src\\Illuminate\\Container\\BoundMethod.php(35): Illuminate\\Container\\BoundMethod::callBoundMethod()
#7 C:\\Users\\Acer NITRO 5\\Documents\\SI4609-KEL4\\LaravelPPLKel4\\vendor\\laravel\\framework\\src\\Illuminate\\Container\\Container.php(662): Illuminate\\Container\\BoundMethod::call()
#8 C:\\Users\\Acer NITRO 5\\Documents\\SI4609-KEL4\\LaravelPPLKel4\\vendor\\laravel\\framework\\src\\Illuminate\\Console\\Command.php(211): Illuminate\\Container\\Container->call()
#9 C:\\Users\\Acer NITRO 5\\Documents\\SI4609-KEL4\\LaravelPPLKel4\\vendor\\symfony\\console\\Command\\Command.php(326): Illuminate\\Console\\Command->execute()
#10 C:\\Users\\Acer NITRO 5\\Documents\\SI4609-KEL4\\LaravelPPLKel4\\vendor\\laravel\\framework\\src\\Illuminate\\Console\\Command.php(180): Symfony\\Component\\Console\\Command\\Command->run()
#11 C:\\Users\\Acer NITRO 5\\Documents\\SI4609-KEL4\\LaravelPPLKel4\\vendor\\symfony\\console\\Application.php(1096): Illuminate\\Console\\Command->run()
#12 C:\\Users\\Acer NITRO 5\\Documents\\SI4609-KEL4\\LaravelPPLKel4\\vendor\\symfony\\console\\Application.php(324): Symfony\\Component\\Console\\Application->doRunCommand()
#13 C:\\Users\\Acer NITRO 5\\Documents\\SI4609-KEL4\\LaravelPPLKel4\\vendor\\symfony\\console\\Application.php(175): Symfony\\Component\\Console\\Application->doRun()
#14 C:\\Users\\Acer NITRO 5\\Documents\\SI4609-KEL4\\LaravelPPLKel4\\vendor\\laravel\\framework\\src\\Illuminate\\Foundation\\Console\\Kernel.php(201): Symfony\\Component\\Console\\Application->run()
#15 C:\\Users\\Acer NITRO 5\\Documents\\SI4609-KEL4\\LaravelPPLKel4\\artisan(35): Illuminate\\Foundation\\Console\\Kernel->handle()
#16 {main}
"} 
[2025-04-14 02:55:10] local.ERROR: include(C:\Users\Acer NITRO 5\Documents\SI4609-KEL4\LaravelPPLKel4\vendor\composer/../filp/whoops/src/Whoops/Exception/ErrorException.php): Failed to open stream: No such file or directory {"exception":"[object] (ErrorException(code: 0): include(C:\\Users\\Acer NITRO 5\\Documents\\SI4609-KEL4\\LaravelPPLKel4\\vendor\\composer/../filp/whoops/src/Whoops/Exception/ErrorException.php): Failed to open stream: No such file or directory at C:\\Users\\Acer NITRO 5\\Documents\\SI4609-KEL4\\LaravelPPLKel4\\vendor\\composer\\ClassLoader.php:576)
[stacktrace]
#0 C:\\Users\\Acer NITRO 5\\Documents\\SI4609-KEL4\\LaravelPPLKel4\\vendor\\laravel\\framework\\src\\Illuminate\\Foundation\\Bootstrap\\HandleExceptions.php(255): Illuminate\\Foundation\\Bootstrap\\HandleExceptions->handleError()
#1 C:\\Users\\Acer NITRO 5\\Documents\\SI4609-KEL4\\LaravelPPLKel4\\vendor\\composer\\ClassLoader.php(576): Illuminate\\Foundation\\Bootstrap\\HandleExceptions->Illuminate\\Foundation\\Bootstrap\\{closure}()
#2 C:\\Users\\Acer NITRO 5\\Documents\\SI4609-KEL4\\LaravelPPLKel4\\vendor\\composer\\ClassLoader.php(576): include('...')
#3 C:\\Users\\Acer NITRO 5\\Documents\\SI4609-KEL4\\LaravelPPLKel4\\vendor\\composer\\ClassLoader.php(427): Composer\\Autoload\\{closure}()
#4 [internal function]: Composer\\Autoload\\ClassLoader->loadClass()
#5 C:\\Users\\Acer NITRO 5\\Documents\\SI4609-KEL4\\LaravelPPLKel4\\vendor\\filp\\whoops\\src\\Whoops\\Run.php(205): class_exists()
#6 C:\\Users\\Acer NITRO 5\\Documents\\SI4609-KEL4\\LaravelPPLKel4\\vendor\\nunomaduro\\collision\\src\\Provider.php(42): Whoops\\Run->register()
#7 C:\\Users\\Acer NITRO 5\\Documents\\SI4609-KEL4\\LaravelPPLKel4\\vendor\\nunomaduro\\collision\\src\\Adapters\\Laravel\\ExceptionHandler.php(68): NunoMaduro\\Collision\\Provider->register()
#8 C:\\Users\\Acer NITRO 5\\Documents\\SI4609-KEL4\\LaravelPPLKel4\\vendor\\laravel\\framework\\src\\Illuminate\\Foundation\\Console\\Kernel.php(535): NunoMaduro\\Collision\\Adapters\\Laravel\\ExceptionHandler->renderForConsole()
#9 C:\\Users\\Acer NITRO 5\\Documents\\SI4609-KEL4\\LaravelPPLKel4\\vendor\\laravel\\framework\\src\\Illuminate\\Foundation\\Console\\Kernel.php(205): Illuminate\\Foundation\\Console\\Kernel->renderException()
#10 C:\\Users\\Acer NITRO 5\\Documents\\SI4609-KEL4\\LaravelPPLKel4\\artisan(35): Illuminate\\Foundation\\Console\\Kernel->handle()
#11 {main}
"} 
[2025-04-14 02:55:10] local.ERROR: Uncaught ErrorException: include(C:\Users\Acer NITRO 5\Documents\SI4609-KEL4\LaravelPPLKel4\vendor\composer/../filp/whoops/src/Whoops/Exception/ErrorException.php): Failed to open stream: No such file or directory in C:\Users\Acer NITRO 5\Documents\SI4609-KEL4\LaravelPPLKel4\vendor\composer\ClassLoader.php:576
Stack trace:
#0 C:\Users\Acer NITRO 5\Documents\SI4609-KEL4\LaravelPPLKel4\vendor\laravel\framework\src\Illuminate\Foundation\Bootstrap\HandleExceptions.php(255): Illuminate\Foundation\Bootstrap\HandleExceptions->handleError()
#1 C:\Users\Acer NITRO 5\Documents\SI4609-KEL4\LaravelPPLKel4\vendor\composer\ClassLoader.php(576): Illuminate\Foundation\Bootstrap\HandleExceptions->Illuminate\Foundation\Bootstrap\{closure}()
#2 C:\Users\Acer NITRO 5\Documents\SI4609-KEL4\LaravelPPLKel4\vendor\composer\ClassLoader.php(576): include('...')
#3 C:\Users\Acer NITRO 5\Documents\SI4609-KEL4\LaravelPPLKel4\vendor\composer\ClassLoader.php(427): Composer\Autoload\{closure}()
#4 [internal function]: Composer\Autoload\ClassLoader->loadClass()
#5 C:\Users\Acer NITRO 5\Documents\SI4609-KEL4\LaravelPPLKel4\vendor\filp\whoops\src\Whoops\Run.php(205): class_exists()
#6 C:\Users\Acer NITRO 5\Documents\SI4609-KEL4\LaravelPPLKel4\vendor\nunomaduro\collision\src\Provider.php(42): Whoops\Run->register()
#7 C:\Users\Acer NITRO 5\Documents\SI4609-KEL4\LaravelPPLKel4\vendor\nunomaduro\collision\src\Adapters\Laravel\ExceptionHandler.php(68): NunoMaduro\Collision\Provider->register()
#8 C:\Users\Acer NITRO 5\Documents\SI4609-KEL4\LaravelPPLKel4\vendor\laravel\framework\src\Illuminate\Foundation\Bootstrap\HandleExceptions.php(207): NunoMaduro\Collision\Adapters\Laravel\ExceptionHandler->renderForConsole()
#9 C:\Users\Acer NITRO 5\Documents\SI4609-KEL4\LaravelPPLKel4\vendor\laravel\framework\src\Illuminate\Foundation\Bootstrap\HandleExceptions.php(189): Illuminate\Foundation\Bootstrap\HandleExceptions->renderForConsole()
#10 C:\Users\Acer NITRO 5\Documents\SI4609-KEL4\LaravelPPLKel4\vendor\laravel\framework\src\Illuminate\Foundation\Bootstrap\HandleExceptions.php(255): Illuminate\Foundation\Bootstrap\HandleExceptions->handleException()
#11 [internal function]: Illuminate\Foundation\Bootstrap\HandleExceptions->Illuminate\Foundation\Bootstrap\{closure}()
#12 {main}
  thrown {"exception":"[object] (Symfony\\Component\\ErrorHandler\\Error\\FatalError(code: 0): Uncaught ErrorException: include(C:\\Users\\Acer NITRO 5\\Documents\\SI4609-KEL4\\LaravelPPLKel4\\vendor\\composer/../filp/whoops/src/Whoops/Exception/ErrorException.php): Failed to open stream: No such file or directory in C:\\Users\\Acer NITRO 5\\Documents\\SI4609-KEL4\\LaravelPPLKel4\\vendor\\composer\\ClassLoader.php:576
Stack trace:
#0 C:\\Users\\Acer NITRO 5\\Documents\\SI4609-KEL4\\LaravelPPLKel4\\vendor\\laravel\\framework\\src\\Illuminate\\Foundation\\Bootstrap\\HandleExceptions.php(255): Illuminate\\Foundation\\Bootstrap\\HandleExceptions->handleError()
#1 C:\\Users\\Acer NITRO 5\\Documents\\SI4609-KEL4\\LaravelPPLKel4\\vendor\\composer\\ClassLoader.php(576): Illuminate\\Foundation\\Bootstrap\\HandleExceptions->Illuminate\\Foundation\\Bootstrap\\{closure}()
#2 C:\\Users\\Acer NITRO 5\\Documents\\SI4609-KEL4\\LaravelPPLKel4\\vendor\\composer\\ClassLoader.php(576): include('...')
#3 C:\\Users\\Acer NITRO 5\\Documents\\SI4609-KEL4\\LaravelPPLKel4\\vendor\\composer\\ClassLoader.php(427): Composer\\Autoload\\{closure}()
#4 [internal function]: Composer\\Autoload\\ClassLoader->loadClass()
#5 C:\\Users\\Acer NITRO 5\\Documents\\SI4609-KEL4\\LaravelPPLKel4\\vendor\\filp\\whoops\\src\\Whoops\\Run.php(205): class_exists()
#6 C:\\Users\\Acer NITRO 5\\Documents\\SI4609-KEL4\\LaravelPPLKel4\\vendor\\nunomaduro\\collision\\src\\Provider.php(42): Whoops\\Run->register()
#7 C:\\Users\\Acer NITRO 5\\Documents\\SI4609-KEL4\\LaravelPPLKel4\\vendor\\nunomaduro\\collision\\src\\Adapters\\Laravel\\ExceptionHandler.php(68): NunoMaduro\\Collision\\Provider->register()
#8 C:\\Users\\Acer NITRO 5\\Documents\\SI4609-KEL4\\LaravelPPLKel4\\vendor\\laravel\\framework\\src\\Illuminate\\Foundation\\Bootstrap\\HandleExceptions.php(207): NunoMaduro\\Collision\\Adapters\\Laravel\\ExceptionHandler->renderForConsole()
#9 C:\\Users\\Acer NITRO 5\\Documents\\SI4609-KEL4\\LaravelPPLKel4\\vendor\\laravel\\framework\\src\\Illuminate\\Foundation\\Bootstrap\\HandleExceptions.php(189): Illuminate\\Foundation\\Bootstrap\\HandleExceptions->renderForConsole()
#10 C:\\Users\\Acer NITRO 5\\Documents\\SI4609-KEL4\\LaravelPPLKel4\\vendor\\laravel\\framework\\src\\Illuminate\\Foundation\\Bootstrap\\HandleExceptions.php(255): Illuminate\\Foundation\\Bootstrap\\HandleExceptions->handleException()
#11 [internal function]: Illuminate\\Foundation\\Bootstrap\\HandleExceptions->Illuminate\\Foundation\\Bootstrap\\{closure}()
#12 {main}
  thrown at C:\\Users\\Acer NITRO 5\\Documents\\SI4609-KEL4\\LaravelPPLKel4\\vendor\\composer\\ClassLoader.php:576)
[stacktrace]
#0 {main}
"} 
